{"/home/rafael/Documentos/estudos/apiTypescript/src/app.ts": {"path":"/home/rafael/Documentos/estudos/apiTypescript/src/app.ts","statementMap":{"0":{"start":{"line":1,"column":0},"end":{"line":1,"column":47}},"1":{"start":{"line":2,"column":0},"end":{"line":2,"column":32}},"2":{"start":{"line":5,"column":13},"end":{"line":5,"column":42}},"3":{"start":{"line":8,"column":0},"end":{"line":8,"column":12}}},"fnMap":{},"branchMap":{},"s":{"0":1,"1":1,"2":1,"3":1},"f":{},"b":{}}
,"/home/rafael/Documentos/estudos/apiTypescript/src/routes.ts": {"path":"/home/rafael/Documentos/estudos/apiTypescript/src/routes.ts","statementMap":{"0":{"start":{"line":2,"column":0},"end":{"line":2,"column":62}},"1":{"start":{"line":4,"column":0},"end":{"line":4,"column":64}},"2":{"start":{"line":6,"column":36},"end":{"line":9,"column":2}},"3":{"start":{"line":11,"column":22},"end":{"line":16,"column":1}},"4":{"start":{"line":12,"column":4},"end":{"line":15,"column":7}},"5":{"start":{"line":13,"column":34},"end":{"line":13,"column":39}},"6":{"start":{"line":14,"column":8},"end":{"line":14,"column":33}},"7":{"start":{"line":11,"column":13},"end":{"line":11,"column":22}}},"fnMap":{"0":{"name":"(anonymous_0)","decl":{"start":{"line":11,"column":22},"end":{"line":11,"column":23}},"loc":{"start":{"line":11,"column":43},"end":{"line":16,"column":1}}},"1":{"name":"(anonymous_1)","decl":{"start":{"line":12,"column":20},"end":{"line":12,"column":21}},"loc":{"start":{"line":12,"column":30},"end":{"line":15,"column":5}}}},"branchMap":{},"s":{"0":1,"1":1,"2":1,"3":1,"4":1,"5":2,"6":2,"7":1},"f":{"0":1,"1":2},"b":{}}
,"/home/rafael/Documentos/estudos/apiTypescript/src/controllers/IndexController.ts": {"path":"/home/rafael/Documentos/estudos/apiTypescript/src/controllers/IndexController.ts","statementMap":{"0":{"start":{"line":1,"column":0},"end":{"line":1,"column":66}},"1":{"start":{"line":2,"column":13},"end":{"line":2,"column":48}},"2":{"start":{"line":4,"column":0},"end":{"line":10,"column":3}},"3":{"start":{"line":4,"column":83},"end":{"line":10,"column":2}},"4":{"start":{"line":5,"column":4},"end":{"line":9,"column":null}},"5":{"start":{"line":6,"column":8},"end":{"line":6,"column":63}},"6":{"start":{"line":8,"column":8},"end":{"line":8,"column":16}}},"fnMap":{"0":{"name":"(anonymous_7)","decl":{"start":{"line":4,"column":25},"end":{"line":4,"column":32}},"loc":{"start":{"line":4,"column":83},"end":{"line":10,"column":2}}},"1":{"name":"(anonymous_8)","decl":{"start":{"line":4,"column":83},"end":{"line":4,"column":null}},"loc":{"start":{"line":4,"column":83},"end":{"line":10,"column":1}}}},"branchMap":{},"s":{"0":1,"1":1,"2":1,"3":0,"4":0,"5":0,"6":0},"f":{"0":0,"1":0},"b":{}}
,"/home/rafael/Documentos/estudos/apiTypescript/src/controllers/PingController.ts": {"path":"/home/rafael/Documentos/estudos/apiTypescript/src/controllers/PingController.ts","statementMap":{"0":{"start":{"line":1,"column":0},"end":{"line":1,"column":66}},"1":{"start":{"line":2,"column":13},"end":{"line":2,"column":47}},"2":{"start":{"line":4,"column":0},"end":{"line":10,"column":3}},"3":{"start":{"line":4,"column":82},"end":{"line":10,"column":2}},"4":{"start":{"line":5,"column":4},"end":{"line":9,"column":null}},"5":{"start":{"line":6,"column":8},"end":{"line":6,"column":48}},"6":{"start":{"line":8,"column":8},"end":{"line":8,"column":16}}},"fnMap":{"0":{"name":"(anonymous_7)","decl":{"start":{"line":4,"column":24},"end":{"line":4,"column":31}},"loc":{"start":{"line":4,"column":82},"end":{"line":10,"column":2}}},"1":{"name":"(anonymous_8)","decl":{"start":{"line":4,"column":82},"end":{"line":4,"column":null}},"loc":{"start":{"line":4,"column":82},"end":{"line":10,"column":1}}}},"branchMap":{},"s":{"0":1,"1":1,"2":1,"3":1,"4":1,"5":1,"6":0},"f":{"0":1,"1":1},"b":{}}
,"/home/rafael/Documentos/estudos/apiTypescript/src/utils/isNumber.ts": {"path":"/home/rafael/Documentos/estudos/apiTypescript/src/utils/isNumber.ts","statementMap":{"0":{"start":{"line":1,"column":24},"end":{"line":3,"column":1}},"1":{"start":{"line":2,"column":2},"end":{"line":2,"column":46}},"2":{"start":{"line":1,"column":13},"end":{"line":1,"column":24}}},"fnMap":{"0":{"name":"(anonymous_0)","decl":{"start":{"line":1,"column":24},"end":{"line":1,"column":25}},"loc":{"start":{"line":1,"column":35},"end":{"line":3,"column":1}}}},"branchMap":{"0":{"loc":{"start":{"line":2,"column":9},"end":{"line":2,"column":45}},"type":"binary-expr","locations":[{"start":{"line":2,"column":9},"end":{"line":2,"column":30}},{"start":{"line":2,"column":34},"end":{"line":2,"column":45}}]}},"s":{"0":1,"1":12,"2":1},"f":{"0":12},"b":{"0":[12,7]}}
}
